mktextfm STZhongsong/OT
mktextfm STZhongsong/OT
mktextfm STZhongsong/OT
mktextfm STZhongsong/I/OT
mktextfm STZhongsong/OT
mktextfm STZhongsong/BI/OT
mktextfm STZhongsong/OT
mktextfm STZhongsong/I/OT
mktextfm STZhongsong/OT
mktextfm STZhongsong/OT
mktextfm STZhongsong/OT
mktextfm STZhongsong/OT
mktextfm STZhongsong/OT
mktextfm SimHei/OT
mktextfm SimHei/OT
mktextfm SimHei/OT
mktextfm SimHei/BI/OT
mktextfm SimHei/OT
mktextfm SimHei/B/OT
mktextfm SimHei/OT
mktextfm SimHei/I/OT
mktextfm SimHei/OT
mktextfm SimHei/OT
mktextfm SimHei/OT
mktextfm SimHei/OT
mktextfm SimHei/OT
mktextfm KaiTi/OT
mktextfm KaiTi/OT
mktextfm KaiTi/OT
mktextfm KaiTi/BI/OT
mktextfm KaiTi/OT
mktextfm KaiTi/B/OT
mktextfm KaiTi/OT
mktextfm KaiTi/I/OT
mktextfm KaiTi/OT
mktextfm KaiTi/OT
mktextfm KaiTi/OT
mktextfm KaiTi/OT
mktextfm KaiTi/OT
mktextfm SimHei/OT
mktextfm KaiTi/OT
mktextfm SimHei/OT
mktextfm STZhongsong/OT
mktextfm STZhongsong/OT
mktextfm STZhongsong/OT
mktextfm STZhongsong/I/OT
mktextfm STZhongsong/OT
mktextfm STZhongsong/BI/OT
mktextfm STZhongsong/OT
mktextfm STZhongsong/I/OT
mktextfm STZhongsong/OT
mktextfm STZhongsong/OT
mktextfm STZhongsong/OT
mktextfm STZhongsong/OT
mktextfm STZhongsong/OT
mktextfm SimHei/OT
mktextfm SimHei/OT
mktextfm SimHei/OT
mktextfm SimHei/BI/OT
mktextfm SimHei/OT
mktextfm SimHei/B/OT
mktextfm SimHei/OT
mktextfm SimHei/I/OT
mktextfm SimHei/OT
mktextfm SimHei/OT
mktextfm SimHei/OT
mktextfm SimHei/OT
mktextfm SimHei/OT
mktextfm KaiTi/OT
mktextfm KaiTi/OT
mktextfm KaiTi/OT
mktextfm KaiTi/BI/OT
mktextfm KaiTi/OT
mktextfm KaiTi/B/OT
mktextfm KaiTi/OT
mktextfm KaiTi/I/OT
mktextfm KaiTi/OT
mktextfm KaiTi/OT
mktextfm KaiTi/OT
mktextfm KaiTi/OT
mktextfm KaiTi/OT
mktextfm SimHei/OT
mktextfm KaiTi/OT
mktextfm SimHei/OT
mktextfm STZhongsong/OT
mktextfm STZhongsong/OT
mktextfm STZhongsong/OT
mktextfm STZhongsong/I/OT
mktextfm STZhongsong/OT
mktextfm STZhongsong/BI/OT
mktextfm STZhongsong/OT
mktextfm STZhongsong/I/OT
mktextfm STZhongsong/OT
mktextfm STZhongsong/OT
mktextfm STZhongsong/OT
mktextfm STZhongsong/OT
mktextfm SimHei/OT
mktextfm SimHei/OT
mktextfm SimHei/OT
mktextfm SimHei/BI/OT
mktextfm SimHei/OT
mktextfm SimHei/B/OT
mktextfm SimHei/OT
mktextfm SimHei/I/OT
mktextfm SimHei/OT
mktextfm SimHei/OT
mktextfm SimHei/OT
mktextfm SimHei/OT
mktextfm KaiTi/OT
mktextfm KaiTi/OT
mktextfm KaiTi/OT
mktextfm KaiTi/BI/OT
mktextfm KaiTi/OT
mktextfm KaiTi/B/OT
mktextfm KaiTi/OT
mktextfm KaiTi/I/OT
mktextfm KaiTi/OT
mktextfm KaiTi/OT
mktextfm KaiTi/OT
mktextfm KaiTi/OT
mktextfm KaiTi/OT
mktextfm KaiTi/OT
mktextfm SimHei/OT
mktextfm SimHei/OT
mktextfm STZhongsong/OT
mktextfm STZhongsong/OT
mktextfm STZhongsong/OT
mktextfm STZhongsong/I/OT
mktextfm STZhongsong/OT
mktextfm STZhongsong/BI/OT
mktextfm STZhongsong/OT
mktextfm STZhongsong/I/OT
mktextfm STZhongsong/OT
mktextfm STZhongsong/OT
mktextfm STZhongsong/OT
mktextfm STZhongsong/OT
mktextfm SimHei/OT
mktextfm SimHei/OT
mktextfm SimHei/OT
mktextfm SimHei/BI/OT
mktextfm SimHei/OT
mktextfm SimHei/B/OT
mktextfm SimHei/OT
mktextfm SimHei/I/OT
mktextfm SimHei/OT
mktextfm SimHei/OT
mktextfm SimHei/OT
mktextfm SimHei/OT
mktextfm KaiTi/OT
mktextfm KaiTi/OT
mktextfm KaiTi/OT
mktextfm KaiTi/BI/OT
mktextfm KaiTi/OT
mktextfm KaiTi/B/OT
mktextfm KaiTi/OT
mktextfm KaiTi/I/OT
mktextfm KaiTi/OT
mktextfm KaiTi/OT
mktextfm KaiTi/OT
mktextfm KaiTi/OT
mktextfm KaiTi/OT
mktextfm KaiTi/OT
mktextfm SimHei/OT
mktextfm SimHei/OT
mktextfm STZhongsong/OT
mktextfm STZhongsong/OT
mktextfm STZhongsong/OT
mktextfm STZhongsong/I/OT
mktextfm STZhongsong/OT
mktextfm STZhongsong/BI/OT
mktextfm STZhongsong/OT
mktextfm STZhongsong/I/OT
mktextfm STZhongsong/OT
mktextfm STZhongsong/OT
mktextfm STZhongsong/OT
mktextfm STZhongsong/OT
mktextfm SimHei/OT
mktextfm SimHei/OT
mktextfm SimHei/OT
mktextfm SimHei/BI/OT
mktextfm SimHei/OT
mktextfm SimHei/B/OT
mktextfm SimHei/OT
mktextfm SimHei/I/OT
mktextfm SimHei/OT
mktextfm SimHei/OT
mktextfm SimHei/OT
mktextfm SimHei/OT
mktextfm KaiTi/OT
mktextfm KaiTi/OT
mktextfm KaiTi/OT
mktextfm KaiTi/BI/OT
mktextfm KaiTi/OT
mktextfm KaiTi/B/OT
mktextfm KaiTi/OT
mktextfm KaiTi/I/OT
mktextfm KaiTi/OT
mktextfm KaiTi/OT
mktextfm KaiTi/OT
mktextfm KaiTi/OT
mktextfm KaiTi/OT
mktextfm KaiTi/OT
mktextfm SimHei/OT
mktextfm SimHei/OT
mktextfm STZhongsong/OT
mktextfm STZhongsong/OT
mktextfm STZhongsong/OT
mktextfm STZhongsong/I/OT
mktextfm STZhongsong/OT
mktextfm STZhongsong/BI/OT
mktextfm STZhongsong/OT
mktextfm STZhongsong/I/OT
mktextfm STZhongsong/OT
mktextfm STZhongsong/OT
mktextfm STZhongsong/OT
mktextfm STZhongsong/OT
mktextfm SimHei/OT
mktextfm SimHei/OT
mktextfm SimHei/OT
mktextfm SimHei/BI/OT
mktextfm SimHei/OT
mktextfm SimHei/B/OT
mktextfm SimHei/OT
mktextfm SimHei/I/OT
mktextfm SimHei/OT
mktextfm SimHei/OT
mktextfm SimHei/OT
mktextfm SimHei/OT
mktextfm KaiTi/OT
mktextfm KaiTi/OT
mktextfm KaiTi/OT
mktextfm KaiTi/BI/OT
mktextfm KaiTi/OT
mktextfm KaiTi/B/OT
mktextfm KaiTi/OT
mktextfm KaiTi/I/OT
mktextfm KaiTi/OT
mktextfm KaiTi/OT
mktextfm KaiTi/OT
mktextfm KaiTi/OT
mktextfm KaiTi/OT
mktextfm KaiTi/OT
mktextfm SimHei/OT
mktextfm SimHei/OT
mktextfm STZhongsong/OT
mktextfm STZhongsong/OT
mktextfm STZhongsong/OT
mktextfm STZhongsong/I/OT
mktextfm STZhongsong/OT
mktextfm STZhongsong/BI/OT
mktextfm STZhongsong/OT
mktextfm STZhongsong/I/OT
mktextfm STZhongsong/OT
mktextfm STZhongsong/OT
mktextfm STZhongsong/OT
mktextfm STZhongsong/OT
mktextfm SimHei/OT
mktextfm SimHei/OT
mktextfm SimHei/OT
mktextfm SimHei/BI/OT
mktextfm SimHei/OT
mktextfm SimHei/B/OT
mktextfm SimHei/OT
mktextfm SimHei/I/OT
mktextfm SimHei/OT
mktextfm SimHei/OT
mktextfm SimHei/OT
mktextfm SimHei/OT
mktextfm KaiTi/OT
mktextfm KaiTi/OT
mktextfm KaiTi/OT
mktextfm KaiTi/BI/OT
mktextfm KaiTi/OT
mktextfm KaiTi/B/OT
mktextfm KaiTi/OT
mktextfm KaiTi/I/OT
mktextfm KaiTi/OT
mktextfm KaiTi/OT
mktextfm KaiTi/OT
mktextfm KaiTi/OT
mktextfm KaiTi/OT
mktextfm KaiTi/OT
mktextfm SimHei/OT
mktextfm SimHei/OT
mktextfm STZhongsong/OT
mktextfm STZhongsong/OT
mktextfm STZhongsong/OT
mktextfm STZhongsong/I/OT
mktextfm STZhongsong/OT
mktextfm STZhongsong/BI/OT
mktextfm STZhongsong/OT
mktextfm STZhongsong/I/OT
mktextfm STZhongsong/OT
mktextfm STZhongsong/OT
mktextfm STZhongsong/OT
mktextfm STZhongsong/OT
mktextfm SimHei/OT
mktextfm SimHei/OT
mktextfm SimHei/OT
mktextfm SimHei/BI/OT
mktextfm SimHei/OT
mktextfm SimHei/B/OT
mktextfm SimHei/OT
mktextfm SimHei/I/OT
mktextfm SimHei/OT
mktextfm SimHei/OT
mktextfm SimHei/OT
mktextfm SimHei/OT
mktextfm KaiTi/OT
mktextfm KaiTi/OT
mktextfm KaiTi/OT
mktextfm KaiTi/BI/OT
mktextfm KaiTi/OT
mktextfm KaiTi/B/OT
mktextfm KaiTi/OT
mktextfm KaiTi/I/OT
mktextfm KaiTi/OT
mktextfm KaiTi/OT
mktextfm KaiTi/OT
mktextfm KaiTi/OT
mktextfm KaiTi/OT
mktextfm KaiTi/OT
mktextfm SimHei/OT
mktextfm SimHei/OT
mktextfm STZhongsong/OT
mktextfm STZhongsong/OT
mktextfm STZhongsong/OT
mktextfm STZhongsong/I/OT
mktextfm STZhongsong/OT
mktextfm STZhongsong/BI/OT
mktextfm STZhongsong/OT
mktextfm STZhongsong/I/OT
mktextfm STZhongsong/OT
mktextfm STZhongsong/OT
mktextfm STZhongsong/OT
mktextfm STZhongsong/OT
mktextfm SimHei/OT
mktextfm SimHei/OT
mktextfm SimHei/OT
mktextfm SimHei/BI/OT
mktextfm SimHei/OT
mktextfm SimHei/B/OT
mktextfm SimHei/OT
mktextfm SimHei/I/OT
mktextfm SimHei/OT
mktextfm SimHei/OT
mktextfm SimHei/OT
mktextfm SimHei/OT
mktextfm KaiTi/OT
mktextfm KaiTi/OT
mktextfm KaiTi/OT
mktextfm KaiTi/BI/OT
mktextfm KaiTi/OT
mktextfm KaiTi/B/OT
mktextfm KaiTi/OT
mktextfm KaiTi/I/OT
mktextfm KaiTi/OT
mktextfm KaiTi/OT
mktextfm KaiTi/OT
mktextfm KaiTi/OT
mktextfm KaiTi/OT
mktextfm KaiTi/OT
mktextfm SimHei/OT
mktextfm SimHei/OT
mktextfm SimHei
mktextfm SimHei
mktextfm SimHei
mktextfm SimHei/BI
mktextfm SimHei
mktextfm SimHei/B
mktextfm SimHei
mktextfm SimHei/I
mktextfm SimHei
mktextfm SimHei
mktextfm SimHei
mktextfm SimHei
mktextfm STZhongsong
mktextfm STZhongsong
mktextfm STZhongsong
mktextfm STZhongsong/BI
mktextfm STZhongsong
mktextfm STZhongsong/B
mktextfm STZhongsong
mktextfm STZhongsong/I
mktextfm STZhongsong
mktextfm STZhongsong
mktextfm STZhongsong/OT
mktextfm STZhongsong/OT
mktextfm STZhongsong/OT
mktextfm STZhongsong/I/OT
mktextfm STZhongsong/OT
mktextfm STZhongsong/BI/OT
mktextfm STZhongsong/OT
mktextfm STZhongsong/I/OT
mktextfm STZhongsong/OT
mktextfm STZhongsong/OT
mktextfm STZhongsong/OT
mktextfm STZhongsong/OT
mktextfm STZhongsong/OT
mktextfm KaiTi/OT
mktextfm KaiTi/OT
mktextfm KaiTi/OT
mktextfm KaiTi/BI/OT
mktextfm KaiTi/OT
mktextfm KaiTi/B/OT
mktextfm KaiTi/OT
mktextfm KaiTi/I/OT
mktextfm KaiTi/OT
mktextfm KaiTi/OT
mktextfm KaiTi/OT
mktextfm SimHei/OT
mktextfm SimHei/OT
mktextfm SimHei/OT
mktextfm SimHei/I/OT
mktextfm SimHei/OT
mktextfm SimHei/BI/OT
mktextfm SimHei/OT
mktextfm SimHei/I/OT
mktextfm SimHei/OT
mktextfm SimHei/OT
mktextfm SimHei/OT
mktextfm SimHei/OT
mktextfm KaiTi/OT
mktextfm KaiTi/OT
mktextfm KaiTi/OT
mktextfm SimHei/OT
mktextfm KaiTi/OT
mktextfm SimHei
mktextfm SimHei
mktextfm SimHei
mktextfm SimHei/BI
mktextfm SimHei
mktextfm SimHei/B
mktextfm SimHei
mktextfm SimHei/I
mktextfm SimHei
mktextfm SimHei
mktextfm SimHei
mktextfm SimHei
mktextfm STZhongsong
mktextfm STZhongsong
mktextfm STZhongsong
mktextfm STZhongsong/BI
mktextfm STZhongsong
mktextfm STZhongsong/B
mktextfm STZhongsong
mktextfm STZhongsong/I
mktextfm STZhongsong
mktextfm STZhongsong
mktextfm STZhongsong/OT
mktextfm STZhongsong/OT
mktextfm STZhongsong/OT
mktextfm STZhongsong/I/OT
mktextfm STZhongsong/OT
mktextfm STZhongsong/BI/OT
mktextfm STZhongsong/OT
mktextfm STZhongsong/I/OT
mktextfm STZhongsong/OT
mktextfm STZhongsong/OT
mktextfm STZhongsong/OT
mktextfm STZhongsong/OT
mktextfm STZhongsong/OT
mktextfm KaiTi/OT
mktextfm KaiTi/OT
mktextfm KaiTi/OT
mktextfm KaiTi/BI/OT
mktextfm KaiTi/OT
mktextfm KaiTi/B/OT
mktextfm KaiTi/OT
mktextfm KaiTi/I/OT
mktextfm KaiTi/OT
mktextfm KaiTi/OT
mktextfm KaiTi/OT
mktextfm SimHei/OT
mktextfm SimHei/OT
mktextfm SimHei/OT
mktextfm SimHei/I/OT
mktextfm SimHei/OT
mktextfm SimHei/BI/OT
mktextfm SimHei/OT
mktextfm SimHei/I/OT
mktextfm SimHei/OT
mktextfm SimHei/OT
mktextfm SimHei/OT
mktextfm SimHei/OT
mktextfm KaiTi/OT
mktextfm KaiTi/OT
mktextfm KaiTi/OT
mktextfm SimHei/OT
mktextfm KaiTi/OT
mktextfm SimHei
mktextfm SimHei
mktextfm SimHei
mktextfm SimHei/BI
mktextfm SimHei
mktextfm SimHei/B
mktextfm SimHei
mktextfm SimHei/I
mktextfm SimHei
mktextfm SimHei
mktextfm SimHei
mktextfm SimHei
mktextfm STZhongsong
mktextfm STZhongsong
mktextfm STZhongsong
mktextfm STZhongsong/BI
mktextfm STZhongsong
mktextfm STZhongsong/B
mktextfm STZhongsong
mktextfm STZhongsong/I
mktextfm STZhongsong
mktextfm STZhongsong
mktextfm STZhongsong/OT
mktextfm STZhongsong/OT
mktextfm STZhongsong/OT
mktextfm STZhongsong/I/OT
mktextfm STZhongsong/OT
mktextfm STZhongsong/BI/OT
mktextfm STZhongsong/OT
mktextfm STZhongsong/I/OT
mktextfm STZhongsong/OT
mktextfm STZhongsong/OT
mktextfm STZhongsong/OT
mktextfm STZhongsong/OT
mktextfm STZhongsong/OT
mktextfm KaiTi/OT
mktextfm KaiTi/OT
mktextfm KaiTi/OT
mktextfm KaiTi/BI/OT
mktextfm KaiTi/OT
mktextfm KaiTi/B/OT
mktextfm KaiTi/OT
mktextfm KaiTi/I/OT
mktextfm KaiTi/OT
mktextfm KaiTi/OT
mktextfm KaiTi/OT
mktextfm SimHei/OT
mktextfm SimHei/OT
mktextfm SimHei/OT
mktextfm SimHei/I/OT
mktextfm SimHei/OT
mktextfm SimHei/BI/OT
mktextfm SimHei/OT
mktextfm SimHei/I/OT
mktextfm SimHei/OT
mktextfm SimHei/OT
mktextfm SimHei/OT
mktextfm SimHei/OT
mktextfm KaiTi/OT
mktextfm KaiTi/OT
mktextfm KaiTi/OT
mktextfm SimHei/OT
mktextfm KaiTi/OT
mktexpk --mfmode / --bdpi 600 --mag 1+120/600 --dpi 720 unisong78
mktexpk --mfmode / --bdpi 600 --mag 1+120/600 --dpi 720 unisong73
mktexpk --mfmode / --bdpi 600 --mag 1+120/600 --dpi 720 unisong78
mktexpk --mfmode / --bdpi 600 --mag 1+120/600 --dpi 720 unisong73
mktexpk --mfmode / --bdpi 600 --mag 1+120/600 --dpi 720 unisong73
mktexpk --mfmode / --bdpi 600 --mag 1+240/600 --dpi 840 unisong66
mktexpk --mfmode / --bdpi 600 --mag 2+120/600 --dpi 1320 unihei73
mktexpk --mfmode / --bdpi 600 --mag 2+120/600 --dpi 1320 unihei73
mktexpk --mfmode / --bdpi 600 --mag 2+120/600 --dpi 1320 unihei73
