This is XeTeX, Version 3.141592653-2.6-0.999997 (TeX Live 2025) (preloaded format=xelatex 2025.8.6)  18 JAN 2026 23:36
entering extended mode
 restricted \write18 enabled.
 file:line:error style messages enabled.
 %&-line parsing enabled.
**README.tex
(./README.tex
LaTeX2e <2024-11-01> patch level 2
L3 programming layer <2025-01-18>
(/usr/local/texlive/2025/texmf-dist/tex/latex/base/book.cls
Document Class: book 2024/06/29 v1.4n Standard LaTeX document class
(/usr/local/texlive/2025/texmf-dist/tex/latex/base/bk12.clo
File: bk12.clo 2024/06/29 v1.4n Standard LaTeX file (size option)
)
\c@part=\count192
\c@chapter=\count193
\c@section=\count194
\c@subsection=\count195
\c@subsubsection=\count196
\c@paragraph=\count197
\c@subparagraph=\count198
\c@figure=\count199
\c@table=\count266
\abovecaptionskip=\skip49
\belowcaptionskip=\skip50
\bibindent=\dimen141
) (/usr/local/texlive/2025/texmf-dist/tex/latex/graphics/graphicx.sty
Package: graphicx 2021/09/16 v1.2d Enhanced LaTeX Graphics (DPC,SPQR)
 (/usr/local/texlive/2025/texmf-dist/tex/latex/graphics/keyval.sty
Package: keyval 2022/05/29 v1.15 key=value parser (DPC)
\KV@toks@=\toks17
) (/usr/local/texlive/2025/texmf-dist/tex/latex/graphics/graphics.sty
Package: graphics 2024/08/06 v1.4g Standard LaTeX Graphics (DPC,SPQR)
 (/usr/local/texlive/2025/texmf-dist/tex/latex/graphics/trig.sty
Package: trig 2023/12/02 v1.11 sin cos tan (DPC)
) (/usr/local/texlive/2025/texmf-dist/tex/latex/graphics-cfg/graphics.cfg
File: graphics.cfg 2016/06/04 v1.11 sample graphics configuration
)
Package graphics Info: Driver file: xetex.def on input line 106.
 (/usr/local/texlive/2025/texmf-dist/tex/latex/graphics-def/xetex.def
File: xetex.def 2022/09/22 v5.0n Graphics/color driver for xetex
))
\Gin@req@height=\dimen142
\Gin@req@width=\dimen143
) (/usr/local/texlive/2025/texmf-dist/tex/latex/fontspec/fontspec.sty (/usr/local/texlive/2025/texmf-dist/tex/latex/l3packages/xparse/xparse.sty (/usr/local/texlive/2025/texmf-dist/tex/latex/l3kernel/expl3.sty
Package: expl3 2025-01-18 L3 programming layer (loader) 
 (/usr/local/texlive/2025/texmf-dist/tex/latex/l3backend/l3backend-xetex.def
File: l3backend-xetex.def 2024-05-08 L3 backend support: XeTeX
\g__graphics_track_int=\count267
\l__pdf_internal_box=\box52
\g__pdf_backend_annotation_int=\count268
\g__pdf_backend_link_int=\count269
))
Package: xparse 2024-08-16 L3 Experimental document command parser
)
Package: fontspec 2024/05/11 v2.9e Font selection for XeLaTeX and LuaLaTeX
 (/usr/local/texlive/2025/texmf-dist/tex/latex/fontspec/fontspec-xetex.sty
Package: fontspec-xetex 2024/05/11 v2.9e Font selection for XeLaTeX and LuaLaTeX
\l__fontspec_script_int=\count270
\l__fontspec_language_int=\count271
\l__fontspec_strnum_int=\count272
\l__fontspec_tmp_int=\count273
\l__fontspec_tmpa_int=\count274
\l__fontspec_tmpb_int=\count275
\l__fontspec_tmpc_int=\count276
\l__fontspec_em_int=\count277
\l__fontspec_emdef_int=\count278
\l__fontspec_strong_int=\count279
\l__fontspec_strongdef_int=\count280
\l__fontspec_tmpa_dim=\dimen144
\l__fontspec_tmpb_dim=\dimen145
\l__fontspec_tmpc_dim=\dimen146
 (/usr/local/texlive/2025/texmf-dist/tex/latex/base/fontenc.sty
Package: fontenc 2021/04/29 v2.0v Standard LaTeX package
) (/usr/local/texlive/2025/texmf-dist/tex/latex/fontspec/fontspec.cfg))) (/usr/local/texlive/2025/texmf-dist/tex/latex/base/inputenc.sty
Package: inputenc 2024/02/08 v1.3d Input encoding file
\inpenc@prehook=\toks18
\inpenc@posthook=\toks19


Package inputenc Warning: inputenc package ignored with utf8 based engines.

) (/usr/local/texlive/2025/texmf-dist/tex/latex/geometry/geometry.sty
Package: geometry 2020/01/02 v5.9 Page Geometry
 (/usr/local/texlive/2025/texmf-dist/tex/generic/iftex/ifvtex.sty
Package: ifvtex 2019/10/25 v1.7 ifvtex legacy package. Use iftex instead.
 (/usr/local/texlive/2025/texmf-dist/tex/generic/iftex/iftex.sty
Package: iftex 2024/12/12 v1.0g TeX engine tests
))
\Gm@cnth=\count281
\Gm@cntv=\count282
\c@Gm@tempcnt=\count283
\Gm@bindingoffset=\dimen147
\Gm@wd@mp=\dimen148
\Gm@odd@mp=\dimen149
\Gm@even@mp=\dimen150
\Gm@layoutwidth=\dimen151
\Gm@layoutheight=\dimen152
\Gm@layouthoffset=\dimen153
\Gm@layoutvoffset=\dimen154
\Gm@dimlist=\toks20
)

Package fontspec Info: 
(fontspec)             Font family 'HelveticaNeue(0)' created for font
(fontspec)             'Helvetica Neue' with options [Ligatures=TeX].
(fontspec)              
(fontspec)              This font family consists of the following NFSS
(fontspec)             series/shapes:
(fontspec)              
(fontspec)             - 'normal' (m/n) with NFSS spec.: <->"Helvetica
(fontspec)             Neue/AAT:mapping=tex-text;"
(fontspec)             - 'bold' (b/n) with NFSS spec.: <->"Helvetica
(fontspec)             Neue/B/AAT:mapping=tex-text;"
(fontspec)             - 'italic' (m/it) with NFSS spec.: <->"Helvetica
(fontspec)             Neue/I/AAT:mapping=tex-text;"
(fontspec)             - 'bold italic' (b/it) with NFSS spec.: <->"Helvetica
(fontspec)             Neue/BI/AAT:mapping=tex-text;"

 (/usr/local/texlive/2025/texmf-dist/tex/latex/hyperref/hyperref.sty
Package: hyperref 2024-11-05 v7.01l Hypertext links for LaTeX
 (/usr/local/texlive/2025/texmf-dist/tex/latex/kvsetkeys/kvsetkeys.sty
Package: kvsetkeys 2022-10-05 v1.19 Key value parser (HO)
) (/usr/local/texlive/2025/texmf-dist/tex/generic/kvdefinekeys/kvdefinekeys.sty
Package: kvdefinekeys 2019-12-19 v1.6 Define keys (HO)
) (/usr/local/texlive/2025/texmf-dist/tex/generic/pdfescape/pdfescape.sty
Package: pdfescape 2019/12/09 v1.15 Implements pdfTeX's escape features (HO)
 (/usr/local/texlive/2025/texmf-dist/tex/generic/ltxcmds/ltxcmds.sty
Package: ltxcmds 2023-12-04 v1.26 LaTeX kernel commands for general use (HO)
) (/usr/local/texlive/2025/texmf-dist/tex/generic/pdftexcmds/pdftexcmds.sty
Package: pdftexcmds 2020-06-27 v0.33 Utility functions of pdfTeX for LuaTeX (HO)
 (/usr/local/texlive/2025/texmf-dist/tex/generic/infwarerr/infwarerr.sty
Package: infwarerr 2019/12/03 v1.5 Providing info/warning/error messages (HO)
)
Package pdftexcmds Info: \pdf@primitive is available.
Package pdftexcmds Info: \pdf@ifprimitive is available.
Package pdftexcmds Info: \pdfdraftmode not found.
)) (/usr/local/texlive/2025/texmf-dist/tex/latex/hycolor/hycolor.sty
Package: hycolor 2020-01-27 v1.10 Color options for hyperref/bookmark (HO)
) (/usr/local/texlive/2025/texmf-dist/tex/latex/hyperref/nameref.sty
Package: nameref 2023-11-26 v2.56 Cross-referencing by name of section
 (/usr/local/texlive/2025/texmf-dist/tex/latex/refcount/refcount.sty
Package: refcount 2019/12/15 v3.6 Data extraction from label references (HO)
) (/usr/local/texlive/2025/texmf-dist/tex/generic/gettitlestring/gettitlestring.sty
Package: gettitlestring 2019/12/15 v1.6 Cleanup title references (HO)
 (/usr/local/texlive/2025/texmf-dist/tex/latex/kvoptions/kvoptions.sty
Package: kvoptions 2022-06-15 v3.15 Key value format for package options (HO)
))
\c@section@level=\count284
) (/usr/local/texlive/2025/texmf-dist/tex/latex/etoolbox/etoolbox.sty
Package: etoolbox 2025/02/11 v2.5l e-TeX tools for LaTeX (JAW)
\etb@tempcnta=\count285
) (/usr/local/texlive/2025/texmf-dist/tex/generic/stringenc/stringenc.sty
Package: stringenc 2019/11/29 v1.12 Convert strings between diff. encodings (HO)
)
\@linkdim=\dimen155
\Hy@linkcounter=\count286
\Hy@pagecounter=\count287
 (/usr/local/texlive/2025/texmf-dist/tex/latex/hyperref/pd1enc.def
File: pd1enc.def 2024-11-05 v7.01l Hyperref: PDFDocEncoding definition (HO)
) (/usr/local/texlive/2025/texmf-dist/tex/generic/intcalc/intcalc.sty
Package: intcalc 2019/12/15 v1.3 Expandable calculations with integers (HO)
)
\Hy@SavedSpaceFactor=\count288
 (/usr/local/texlive/2025/texmf-dist/tex/latex/hyperref/puenc.def
File: puenc.def 2024-11-05 v7.01l Hyperref: PDF Unicode definition (HO)
)
Package hyperref Info: Hyper figures OFF on input line 4157.
Package hyperref Info: Link nesting OFF on input line 4162.
Package hyperref Info: Hyper index ON on input line 4165.
Package hyperref Info: Plain pages OFF on input line 4172.
Package hyperref Info: Backreferencing OFF on input line 4177.
Package hyperref Info: Implicit mode ON; LaTeX internals redefined.
Package hyperref Info: Bookmarks ON on input line 4424.
\c@Hy@tempcnt=\count289
 (/usr/local/texlive/2025/texmf-dist/tex/latex/url/url.sty
\Urlmuskip=\muskip17
Package: url 2013/09/16  ver 3.4  Verb mode for urls, etc.
)
LaTeX Info: Redefining \url on input line 4763.
\XeTeXLinkMargin=\dimen156
 (/usr/local/texlive/2025/texmf-dist/tex/generic/bitset/bitset.sty
Package: bitset 2019/12/09 v1.3 Handle bit-vector datatype (HO)
 (/usr/local/texlive/2025/texmf-dist/tex/generic/bigintcalc/bigintcalc.sty
Package: bigintcalc 2019/12/15 v1.5 Expandable calculations on big integers (HO)
))
\Fld@menulength=\count290
\Field@Width=\dimen157
\Fld@charsize=\dimen158
Package hyperref Info: Hyper figures OFF on input line 6042.
Package hyperref Info: Link nesting OFF on input line 6047.
Package hyperref Info: Hyper index ON on input line 6050.
Package hyperref Info: backreferencing OFF on input line 6057.
Package hyperref Info: Link coloring OFF on input line 6062.
Package hyperref Info: Link coloring with OCG OFF on input line 6067.
Package hyperref Info: PDF/A mode OFF on input line 6072.
 (/usr/local/texlive/2025/texmf-dist/tex/latex/base/atbegshi-ltx.sty
Package: atbegshi-ltx 2021/01/10 v1.0c Emulation of the original atbegshi
package with kernel methods
)
\Hy@abspage=\count291
\c@Item=\count292
\c@Hfootnote=\count293
)
Package hyperref Info: Driver (autodetected): hxetex.
 (/usr/local/texlive/2025/texmf-dist/tex/latex/hyperref/hxetex.def
File: hxetex.def 2024-11-05 v7.01l Hyperref driver for XeTeX
\pdfm@box=\box53
\c@Hy@AnnotLevel=\count294
\HyField@AnnotCount=\count295
\Fld@listcount=\count296
\c@bookmark@seq@number=\count297
 (/usr/local/texlive/2025/texmf-dist/tex/latex/rerunfilecheck/rerunfilecheck.sty
Package: rerunfilecheck 2022-07-10 v1.10 Rerun checks for auxiliary files (HO)
 (/usr/local/texlive/2025/texmf-dist/tex/latex/base/atveryend-ltx.sty
Package: atveryend-ltx 2020/08/19 v1.0a Emulation of the original atveryend package
with kernel methods
) (/usr/local/texlive/2025/texmf-dist/tex/generic/uniquecounter/uniquecounter.sty
Package: uniquecounter 2019/12/15 v1.4 Provide unlimited unique counter (HO)
)
Package uniquecounter Info: New unique counter `rerunfilecheck' on input line 285.
)
\Hy@SectionHShift=\skip51
)
(/Users/wanglingyule/Documents/paper/常州工学院计算机信息学院本科生毕设latex模版/.texpadtmp/README.aux)
\openout1 = `README.aux'.

LaTeX Font Info:    Checking defaults for OML/cmm/m/it on input line 14.
LaTeX Font Info:    ... okay on input line 14.
LaTeX Font Info:    Checking defaults for OMS/cmsy/m/n on input line 14.
LaTeX Font Info:    ... okay on input line 14.
LaTeX Font Info:    Checking defaults for OT1/cmr/m/n on input line 14.
LaTeX Font Info:    ... okay on input line 14.
LaTeX Font Info:    Checking defaults for T1/cmr/m/n on input line 14.
LaTeX Font Info:    ... okay on input line 14.
LaTeX Font Info:    Checking defaults for TS1/cmr/m/n on input line 14.
LaTeX Font Info:    ... okay on input line 14.
LaTeX Font Info:    Checking defaults for TU/lmr/m/n on input line 14.
LaTeX Font Info:    ... okay on input line 14.
LaTeX Font Info:    Checking defaults for OMX/cmex/m/n on input line 14.
LaTeX Font Info:    ... okay on input line 14.
LaTeX Font Info:    Checking defaults for U/cmr/m/n on input line 14.
LaTeX Font Info:    ... okay on input line 14.
LaTeX Font Info:    Checking defaults for PD1/pdf/m/n on input line 14.
LaTeX Font Info:    ... okay on input line 14.
LaTeX Font Info:    Checking defaults for PU/pdf/m/n on input line 14.
LaTeX Font Info:    ... okay on input line 14.

Package fontspec Info: 
(fontspec)             Adjusting the maths setup (use [no-math] to avoid
(fontspec)             this).

\symlegacymaths=\mathgroup4
LaTeX Font Info:    Overwriting symbol font `legacymaths' in version `bold'
(Font)                  OT1/cmr/m/n --> OT1/cmr/bx/n on input line 14.
LaTeX Font Info:    Redeclaring math accent \acute on input line 14.
LaTeX Font Info:    Redeclaring math accent \grave on input line 14.
LaTeX Font Info:    Redeclaring math accent \ddot on input line 14.
LaTeX Font Info:    Redeclaring math accent \tilde on input line 14.
LaTeX Font Info:    Redeclaring math accent \bar on input line 14.
LaTeX Font Info:    Redeclaring math accent \breve on input line 14.
LaTeX Font Info:    Redeclaring math accent \check on input line 14.
LaTeX Font Info:    Redeclaring math accent \hat on input line 14.
LaTeX Font Info:    Redeclaring math accent \dot on input line 14.
LaTeX Font Info:    Redeclaring math accent \mathring on input line 14.
LaTeX Font Info:    Redeclaring math symbol \colon on input line 14.
LaTeX Font Info:    Redeclaring math symbol \Gamma on input line 14.
LaTeX Font Info:    Redeclaring math symbol \Delta on input line 14.
LaTeX Font Info:    Redeclaring math symbol \Theta on input line 14.
LaTeX Font Info:    Redeclaring math symbol \Lambda on input line 14.
LaTeX Font Info:    Redeclaring math symbol \Xi on input line 14.
LaTeX Font Info:    Redeclaring math symbol \Pi on input line 14.
LaTeX Font Info:    Redeclaring math symbol \Sigma on input line 14.
LaTeX Font Info:    Redeclaring math symbol \Upsilon on input line 14.
LaTeX Font Info:    Redeclaring math symbol \Phi on input line 14.
LaTeX Font Info:    Redeclaring math symbol \Psi on input line 14.
LaTeX Font Info:    Redeclaring math symbol \Omega on input line 14.
LaTeX Font Info:    Redeclaring math symbol \mathdollar on input line 14.
LaTeX Font Info:    Redeclaring symbol font `operators' on input line 14.
LaTeX Font Info:    Encoding `OT1' has changed to `TU' for symbol font
(Font)              `operators' in the math version `normal' on input line 14.
LaTeX Font Info:    Overwriting symbol font `operators' in version `normal'
(Font)                  OT1/cmr/m/n --> TU/HelveticaNeue(0)/m/n on input line 14.
LaTeX Font Info:    Encoding `OT1' has changed to `TU' for symbol font
(Font)              `operators' in the math version `bold' on input line 14.
LaTeX Font Info:    Overwriting symbol font `operators' in version `bold'
(Font)                  OT1/cmr/bx/n --> TU/HelveticaNeue(0)/m/n on input line 14.
LaTeX Font Info:    Overwriting symbol font `operators' in version `normal'
(Font)                  TU/HelveticaNeue(0)/m/n --> TU/HelveticaNeue(0)/m/n on input line 14.
LaTeX Font Info:    Overwriting math alphabet `\mathit' in version `normal'
(Font)                  OT1/cmr/m/it --> TU/HelveticaNeue(0)/m/it on input line 14.
LaTeX Font Info:    Overwriting math alphabet `\mathbf' in version `normal'
(Font)                  OT1/cmr/bx/n --> TU/HelveticaNeue(0)/b/n on input line 14.
LaTeX Font Info:    Overwriting math alphabet `\mathsf' in version `normal'
(Font)                  OT1/cmss/m/n --> TU/lmss/m/n on input line 14.
LaTeX Font Info:    Overwriting math alphabet `\mathtt' in version `normal'
(Font)                  OT1/cmtt/m/n --> TU/lmtt/m/n on input line 14.
LaTeX Font Info:    Overwriting symbol font `operators' in version `bold'
(Font)                  TU/HelveticaNeue(0)/m/n --> TU/HelveticaNeue(0)/b/n on input line 14.
LaTeX Font Info:    Overwriting math alphabet `\mathit' in version `bold'
(Font)                  OT1/cmr/bx/it --> TU/HelveticaNeue(0)/b/it on input line 14.
LaTeX Font Info:    Overwriting math alphabet `\mathsf' in version `bold'
(Font)                  OT1/cmss/bx/n --> TU/lmss/b/n on input line 14.
LaTeX Font Info:    Overwriting math alphabet `\mathtt' in version `bold'
(Font)                  OT1/cmtt/m/n --> TU/lmtt/b/n on input line 14.

*geometry* driver: auto-detecting
*geometry* detected driver: xetex
*geometry* verbose mode - [ preamble ] result:
* driver: xetex
* paper: a4paper
* layout: <same size as paper>
* layoutoffset:(h,v)=(0.0pt,0.0pt)
* modes: twoside 
* h-part:(L,W,R)=(36.135pt, 525.23788pt, 36.135pt)
* v-part:(T,H,B)=(21.68121pt, 801.68442pt, 21.68121pt)
* \paperwidth=597.50787pt
* \paperheight=845.04684pt
* \textwidth=525.23788pt
* \textheight=801.68442pt
* \oddsidemargin=-36.135pt
* \evensidemargin=-36.135pt
* \topmargin=-82.46257pt
* \headheight=12.0pt
* \headsep=19.8738pt
* \topskip=12.0pt
* \footskip=30.0pt
* \marginparwidth=98.0pt
* \marginparsep=7.0pt
* \columnsep=10.0pt
* \skip\footins=10.8pt plus 4.0pt minus 2.0pt
* \hoffset=0.0pt
* \voffset=0.0pt
* \mag=1000
* \@twocolumnfalse
* \@twosidetrue
* \@mparswitchtrue
* \@reversemarginfalse
* (1in=72.27pt=25.4mm, 1cm=28.453pt)

Package hyperref Info: Link coloring OFF on input line 14.
(/Users/wanglingyule/Documents/paper/常州工学院计算机信息学院本科生毕设latex模版/.texpadtmp/README.out) (/Users/wanglingyule/Documents/paper/常州工学院计算机信息学院本科生毕设latex模版/.texpadtmp/README.out)
\@outlinefile=\write3
\openout3 = `README.out'.


Missing character: There is no 常 (U+5E38) in font Helvetica Neue Bold/AAT:mapping=tex-text;!
Missing character: There is no 州 (U+5DDE) in font Helvetica Neue Bold/AAT:mapping=tex-text;!
Missing character: There is no 工 (U+5DE5) in font Helvetica Neue Bold/AAT:mapping=tex-text;!
Missing character: There is no 学 (U+5B66) in font Helvetica Neue Bold/AAT:mapping=tex-text;!
Missing character: There is no 院 (U+9662) in font Helvetica Neue Bold/AAT:mapping=tex-text;!
Missing character: There is no 毕 (U+6BD5) in font Helvetica Neue Bold/AAT:mapping=tex-text;!
Missing character: There is no 业 (U+4E1A) in font Helvetica Neue Bold/AAT:mapping=tex-text;!
Missing character: There is no 设 (U+8BBE) in font Helvetica Neue Bold/AAT:mapping=tex-text;!
Missing character: There is no 计 (U+8BA1) in font Helvetica Neue Bold/AAT:mapping=tex-text;!
Missing character: There is no 说 (U+8BF4) in font Helvetica Neue Bold/AAT:mapping=tex-text;!
Missing character: There is no 明 (U+660E) in font Helvetica Neue Bold/AAT:mapping=tex-text;!
Missing character: There is no 书 (U+4E66) in font Helvetica Neue Bold/AAT:mapping=tex-text;!
Missing character: There is no （ (U+FF08) in font Helvetica Neue Bold/AAT:mapping=tex-text;!
Missing character: There is no 论 (U+8BBA) in font Helvetica Neue Bold/AAT:mapping=tex-text;!
Missing character: There is no 文 (U+6587) in font Helvetica Neue Bold/AAT:mapping=tex-text;!
Missing character: There is no ） (U+FF09) in font Helvetica Neue Bold/AAT:mapping=tex-text;!
Missing character: There is no 模 (U+6A21) in font Helvetica Neue Bold/AAT:mapping=tex-text;!
Missing character: There is no 板 (U+677F) in font Helvetica Neue Bold/AAT:mapping=tex-text;!
Missing character: There is no 本 (U+672C) in font Helvetica Neue/AAT:mapping=tex-text;!
Missing character: There is no 模 (U+6A21) in font Helvetica Neue/AAT:mapping=tex-text;!
Missing character: There is no 板 (U+677F) in font Helvetica Neue/AAT:mapping=tex-text;!
Missing character: There is no 依 (U+4F9D) in font Helvetica Neue/AAT:mapping=tex-text;!
Missing character: There is no 据 (U+636E) in font Helvetica Neue/AAT:mapping=tex-text;!
Missing character: There is no 《 (U+300A) in font Helvetica Neue/AAT:mapping=tex-text;!
Missing character: There is no 常 (U+5E38) in font Helvetica Neue/AAT:mapping=tex-text;!
Missing character: There is no 州 (U+5DDE) in font Helvetica Neue/AAT:mapping=tex-text;!
Missing character: There is no 工 (U+5DE5) in font Helvetica Neue/AAT:mapping=tex-text;!
Missing character: There is no 学 (U+5B66) in font Helvetica Neue/AAT:mapping=tex-text;!
Missing character: There is no 院 (U+9662) in font Helvetica Neue/AAT:mapping=tex-text;!
Missing character: There is no 计 (U+8BA1) in font Helvetica Neue/AAT:mapping=tex-text;!
Missing character: There is no 算 (U+7B97) in font Helvetica Neue/AAT:mapping=tex-text;!
Missing character: There is no 机 (U+673A) in font Helvetica Neue/AAT:mapping=tex-text;!
Missing character: There is no 信 (U+4FE1) in font Helvetica Neue/AAT:mapping=tex-text;!
Missing character: There is no 息 (U+606F) in font Helvetica Neue/AAT:mapping=tex-text;!
Missing character: There is no 工 (U+5DE5) in font Helvetica Neue/AAT:mapping=tex-text;!
Missing character: There is no 程 (U+7A0B) in font Helvetica Neue/AAT:mapping=tex-text;!
Missing character: There is no 学 (U+5B66) in font Helvetica Neue/AAT:mapping=tex-text;!
Missing character: There is no 院 (U+9662) in font Helvetica Neue/AAT:mapping=tex-text;!
Missing character: There is no 毕 (U+6BD5) in font Helvetica Neue/AAT:mapping=tex-text;!
Missing character: There is no 业 (U+4E1A) in font Helvetica Neue/AAT:mapping=tex-text;!
Missing character: There is no 设 (U+8BBE) in font Helvetica Neue/AAT:mapping=tex-text;!
Missing character: There is no 计 (U+8BA1) in font Helvetica Neue/AAT:mapping=tex-text;!
Missing character: There is no 说 (U+8BF4) in font Helvetica Neue/AAT:mapping=tex-text;!
Missing character: There is no 明 (U+660E) in font Helvetica Neue/AAT:mapping=tex-text;!
Missing character: There is no 书 (U+4E66) in font Helvetica Neue/AAT:mapping=tex-text;!
Missing character: There is no （ (U+FF08) in font Helvetica Neue/AAT:mapping=tex-text;!
Missing character: There is no 论 (U+8BBA) in font Helvetica Neue/AAT:mapping=tex-text;!
Missing character: There is no 文 (U+6587) in font Helvetica Neue/AAT:mapping=tex-text;!
Missing character: There is no ） (U+FF09) in font Helvetica Neue/AAT:mapping=tex-text;!
Missing character: There is no 格 (U+683C) in font Helvetica Neue/AAT:mapping=tex-text;!
Missing character: There is no 式 (U+5F0F) in font Helvetica Neue/AAT:mapping=tex-text;!
Missing character: There is no 规 (U+89C4) in font Helvetica Neue/AAT:mapping=tex-text;!
Missing character: There is no 范 (U+8303) in font Helvetica Neue/AAT:mapping=tex-text;!
Missing character: There is no 》 (U+300B) in font Helvetica Neue/AAT:mapping=tex-text;!
Missing character: There is no 定 (U+5B9A) in font Helvetica Neue/AAT:mapping=tex-text;!
Missing character: There is no 制 (U+5236) in font Helvetica Neue/AAT:mapping=tex-text;!
Missing character: There is no 开 (U+5F00) in font Helvetica Neue/AAT:mapping=tex-text;!
Missing character: There is no 发 (U+53D1) in font Helvetica Neue/AAT:mapping=tex-text;!
Missing character: There is no 。 (U+3002) in font Helvetica Neue/AAT:mapping=tex-text;!

Overfull \hbox (16.01016pt too wide) in paragraph at lines 18--19
\TU/HelveticaNeue(0)/m/n/12 本模板依据《常州工学院计算机信息工程学院毕业设计说明书（论文）格式规范》定制开发。 
 []

Missing character: There is no 项 (U+9879) in font Helvetica Neue Bold/AAT:mapping=tex-text;!
Missing character: There is no 目 (U+76EE) in font Helvetica Neue Bold/AAT:mapping=tex-text;!
Missing character: There is no 简 (U+7B80) in font Helvetica Neue Bold/AAT:mapping=tex-text;!
Missing character: There is no 介 (U+4ECB) in font Helvetica Neue Bold/AAT:mapping=tex-text;!
Missing character: There is no 本 (U+672C) in font Helvetica Neue/AAT:mapping=tex-text;!
Missing character: There is no 模 (U+6A21) in font Helvetica Neue/AAT:mapping=tex-text;!
Missing character: There is no 板 (U+677F) in font Helvetica Neue/AAT:mapping=tex-text;!
Missing character: There is no 旨 (U+65E8) in font Helvetica Neue/AAT:mapping=tex-text;!
Missing character: There is no 在 (U+5728) in font Helvetica Neue/AAT:mapping=tex-text;!
Missing character: There is no 为 (U+4E3A) in font Helvetica Neue/AAT:mapping=tex-text;!
Missing character: There is no 常 (U+5E38) in font Helvetica Neue/AAT:mapping=tex-text;!
Missing character: There is no 州 (U+5DDE) in font Helvetica Neue/AAT:mapping=tex-text;!
Missing character: There is no 工 (U+5DE5) in font Helvetica Neue/AAT:mapping=tex-text;!
Missing character: There is no 学 (U+5B66) in font Helvetica Neue/AAT:mapping=tex-text;!
Missing character: There is no 院 (U+9662) in font Helvetica Neue/AAT:mapping=tex-text;!
Missing character: There is no 计 (U+8BA1) in font Helvetica Neue/AAT:mapping=tex-text;!
Missing character: There is no 算 (U+7B97) in font Helvetica Neue/AAT:mapping=tex-text;!
Missing character: There is no 机 (U+673A) in font Helvetica Neue/AAT:mapping=tex-text;!
Missing character: There is no 学 (U+5B66) in font Helvetica Neue/AAT:mapping=tex-text;!
Missing character: There is no 院 (U+9662) in font Helvetica Neue/AAT:mapping=tex-text;!
Missing character: There is no 的 (U+7684) in font Helvetica Neue/AAT:mapping=tex-text;!
Missing character: There is no 学 (U+5B66) in font Helvetica Neue/AAT:mapping=tex-text;!
Missing character: There is no 生 (U+751F) in font Helvetica Neue/AAT:mapping=tex-text;!
Missing character: There is no 提 (U+63D0) in font Helvetica Neue/AAT:mapping=tex-text;!
Missing character: There is no 供 (U+4F9B) in font Helvetica Neue/AAT:mapping=tex-text;!
Missing character: There is no 一 (U+4E00) in font Helvetica Neue/AAT:mapping=tex-text;!
Missing character: There is no 个 (U+4E2A) in font Helvetica Neue/AAT:mapping=tex-text;!
Missing character: There is no 标 (U+6807) in font Helvetica Neue/AAT:mapping=tex-text;!
Missing character: There is no 准 (U+51C6) in font Helvetica Neue/AAT:mapping=tex-text;!
Missing character: There is no 化 (U+5316) in font Helvetica Neue/AAT:mapping=tex-text;!
Missing character: There is no 的 (U+7684) in font Helvetica Neue/AAT:mapping=tex-text;!
Missing character: There is no 排 (U+6392) in font Helvetica Neue/AAT:mapping=tex-text;!
Missing character: There is no 版 (U+7248) in font Helvetica Neue/AAT:mapping=tex-text;!
Missing character: There is no 环 (U+73AF) in font Helvetica Neue/AAT:mapping=tex-text;!
Missing character: There is no 境 (U+5883) in font Helvetica Neue/AAT:mapping=tex-text;!
Missing character: There is no ， (U+FF0C) in font Helvetica Neue/AAT:mapping=tex-text;!
Missing character: There is no 自 (U+81EA) in font Helvetica Neue/AAT:mapping=tex-text;!
Missing character: There is no 动 (U+52A8) in font Helvetica Neue/AAT:mapping=tex-text;!
Missing character: There is no 处 (U+5904) in font Helvetica Neue/AAT:mapping=tex-text;!
Missing character: There is no 理 (U+7406) in font Helvetica Neue/AAT:mapping=tex-text;!
Missing character: There is no 封 (U+5C01) in font Helvetica Neue/AAT:mapping=tex-text;!
Missing character: There is no 面 (U+9762) in font Helvetica Neue/AAT:mapping=tex-text;!
Missing character: There is no 绘 (U+7ED8) in font Helvetica Neue/AAT:mapping=tex-text;!
Missing character: There is no 制 (U+5236) in font Helvetica Neue/AAT:mapping=tex-text;!
Missing character: There is no 、 (U+3001) in font Helvetica Neue/AAT:mapping=tex-text;!
Missing character: There is no 目 (U+76EE) in font Helvetica Neue/AAT:mapping=tex-text;!
Missing character: There is no 录 (U+5F55) in font Helvetica Neue/AAT:mapping=tex-text;!
Missing character: There is no 生 (U+751F) in font Helvetica Neue/AAT:mapping=tex-text;!
Missing character: There is no 成 (U+6210) in font Helvetica Neue/AAT:mapping=tex-text;!
Missing character: There is no 、 (U+3001) in font Helvetica Neue/AAT:mapping=tex-text;!
Missing character: There is no 中 (U+4E2D) in font Helvetica Neue/AAT:mapping=tex-text;!
Missing character: There is no 英 (U+82F1) in font Helvetica Neue/AAT:mapping=tex-text;!
Missing character: There is no 文 (U+6587) in font Helvetica Neue/AAT:mapping=tex-text;!
Missing character: There is no 摘 (U+6458) in font Helvetica Neue/AAT:mapping=tex-text;!
Missing character: There is no 要 (U+8981) in font Helvetica Neue/AAT:mapping=tex-text;!
Missing character: There is no 、 (U+3001) in font Helvetica Neue/AAT:mapping=tex-text;!
Missing character: There is no 正 (U+6B63) in font Helvetica Neue/AAT:mapping=tex-text;!
Missing character: There is no 文 (U+6587) in font Helvetica Neue/AAT:mapping=tex-text;!
Missing character: There is no 格 (U+683C) in font Helvetica Neue/AAT:mapping=tex-text;!
Missing character: There is no 式 (U+5F0F) in font Helvetica Neue/AAT:mapping=tex-text;!
Missing character: There is no （ (U+FF08) in font Helvetica Neue/AAT:mapping=tex-text;!
Missing character: There is no 标 (U+6807) in font Helvetica Neue/AAT:mapping=tex-text;!
Missing character: There is no 题 (U+9898) in font Helvetica Neue/AAT:mapping=tex-text;!
Missing character: There is no 间 (U+95F4) in font Helvetica Neue/AAT:mapping=tex-text;!
Missing character: There is no 距 (U+8DDD) in font Helvetica Neue/AAT:mapping=tex-text;!
Missing character: There is no 、 (U+3001) in font Helvetica Neue/AAT:mapping=tex-text;!
Missing character: There is no 行 (U+884C) in font Helvetica Neue/AAT:mapping=tex-text;!
Missing character: There is no 距 (U+8DDD) in font Helvetica Neue/AAT:mapping=tex-text;!
Missing character: There is no 、 (U+3001) in font Helvetica Neue/AAT:mapping=tex-text;!
Missing character: There is no 字 (U+5B57) in font Helvetica Neue/AAT:mapping=tex-text;!
Missing character: There is no 间 (U+95F4) in font Helvetica Neue/AAT:mapping=tex-text;!
Missing character: There is no 距 (U+8DDD) in font Helvetica Neue/AAT:mapping=tex-text;!
Missing character: There is no ） (U+FF09) in font Helvetica Neue/AAT:mapping=tex-text;!
Missing character: There is no 、 (U+3001) in font Helvetica Neue/AAT:mapping=tex-text;!
Missing character: There is no 公 (U+516C) in font Helvetica Neue/AAT:mapping=tex-text;!
Missing character: There is no 式 (U+5F0F) in font Helvetica Neue/AAT:mapping=tex-text;!
Missing character: There is no 编 (U+7F16) in font Helvetica Neue/AAT:mapping=tex-text;!
Missing character: There is no 号 (U+53F7) in font Helvetica Neue/AAT:mapping=tex-text;!
Missing character: There is no 、 (U+3001) in font Helvetica Neue/AAT:mapping=tex-text;!
Missing character: There is no 参 (U+53C2) in font Helvetica Neue/AAT:mapping=tex-text;!
Missing character: There is no 考 (U+8003) in font Helvetica Neue/AAT:mapping=tex-text;!
Missing character: There is no 文 (U+6587) in font Helvetica Neue/AAT:mapping=tex-text;!
Missing character: There is no 献 (U+732E) in font Helvetica Neue/AAT:mapping=tex-text;!
Missing character: There is no 引 (U+5F15) in font Helvetica Neue/AAT:mapping=tex-text;!
Missing character: There is no 用 (U+7528) in font Helvetica Neue/AAT:mapping=tex-text;!
Missing character: There is no 等 (U+7B49) in font Helvetica Neue/AAT:mapping=tex-text;!
Missing character: There is no 繁 (U+7E41) in font Helvetica Neue/AAT:mapping=tex-text;!
Missing character: There is no 琐 (U+7410) in font Helvetica Neue/AAT:mapping=tex-text;!
Missing character: There is no 的 (U+7684) in font Helvetica Neue/AAT:mapping=tex-text;!
Missing character: There is no 排 (U+6392) in font Helvetica Neue/AAT:mapping=tex-text;!
Missing character: There is no 版 (U+7248) in font Helvetica Neue/AAT:mapping=tex-text;!
Missing character: There is no 工 (U+5DE5) in font Helvetica Neue/AAT:mapping=tex-text;!
Missing character: There is no 作 (U+4F5C) in font Helvetica Neue/AAT:mapping=tex-text;!
Missing character: There is no 。 (U+3002) in font Helvetica Neue/AAT:mapping=tex-text;!

Overfull \hbox (699.76248pt too wide) in paragraph at lines 22--23
\TU/HelveticaNeue(0)/m/n/12 本模板旨在为常州工学院计算机学院的学生提供一个标准化的 LaTeX 排版环境，自动处理封面绘制、目录生成、中英文摘要、正文格式（标题间距、行距、字间距）、公式编号、参考文献引用等繁琐的排版工作。 
 []

Missing character: There is no 环 (U+73AF) in font Helvetica Neue Bold/AAT:mapping=tex-text;!
Missing character: There is no 境 (U+5883) in font Helvetica Neue Bold/AAT:mapping=tex-text;!
Missing character: There is no 要 (U+8981) in font Helvetica Neue Bold/AAT:mapping=tex-text;!
Missing character: There is no 求 (U+6C42) in font Helvetica Neue Bold/AAT:mapping=tex-text;!
Missing character: There is no 编 (U+7F16) in font Helvetica Neue Bold/AAT:mapping=tex-text;!
Missing character: There is no 译 (U+8BD1) in font Helvetica Neue Bold/AAT:mapping=tex-text;!
Missing character: There is no 器 (U+5668) in font Helvetica Neue Bold/AAT:mapping=tex-text;!
Missing character: There is no 必 (U+5FC5) in font Helvetica Neue/AAT:mapping=tex-text;!
Missing character: There is no 须 (U+987B) in font Helvetica Neue/AAT:mapping=tex-text;!
Missing character: There is no 使 (U+4F7F) in font Helvetica Neue/AAT:mapping=tex-text;!
Missing character: There is no 用 (U+7528) in font Helvetica Neue/AAT:mapping=tex-text;!
Missing character: There is no （ (U+FF08) in font Helvetica Neue/AAT:mapping=tex-text;!
Missing character: There is no 以 (U+4EE5) in font Helvetica Neue/AAT:mapping=tex-text;!
Missing character: There is no 支 (U+652F) in font Helvetica Neue/AAT:mapping=tex-text;!
Missing character: There is no 持 (U+6301) in font Helvetica Neue/AAT:mapping=tex-text;!
Missing character: There is no 宏 (U+5B8F) in font Helvetica Neue/AAT:mapping=tex-text;!
Missing character: There is no 包 (U+5305) in font Helvetica Neue/AAT:mapping=tex-text;!
Missing character: There is no 和 (U+548C) in font Helvetica Neue/AAT:mapping=tex-text;!
Missing character: There is no 本 (U+672C) in font Helvetica Neue/AAT:mapping=tex-text;!
Missing character: There is no 地 (U+5730) in font Helvetica Neue/AAT:mapping=tex-text;!
Missing character: There is no 字 (U+5B57) in font Helvetica Neue/AAT:mapping=tex-text;!
Missing character: There is no 体 (U+4F53) in font Helvetica Neue/AAT:mapping=tex-text;!
Missing character: There is no 调 (U+8C03) in font Helvetica Neue/AAT:mapping=tex-text;!
Missing character: There is no 用 (U+7528) in font Helvetica Neue/AAT:mapping=tex-text;!
Missing character: There is no ） (U+FF09) in font Helvetica Neue/AAT:mapping=tex-text;!
Missing character: There is no 。 (U+3002) in font Helvetica Neue/AAT:mapping=tex-text;!
Missing character: There is no 参 (U+53C2) in font Helvetica Neue Bold/AAT:mapping=tex-text;!
Missing character: There is no 考 (U+8003) in font Helvetica Neue Bold/AAT:mapping=tex-text;!
Missing character: There is no 文 (U+6587) in font Helvetica Neue Bold/AAT:mapping=tex-text;!
Missing character: There is no 献 (U+732E) in font Helvetica Neue Bold/AAT:mapping=tex-text;!
Missing character: There is no 工 (U+5DE5) in font Helvetica Neue Bold/AAT:mapping=tex-text;!
Missing character: There is no 具 (U+5177) in font Helvetica Neue Bold/AAT:mapping=tex-text;!
Missing character: There is no 配 (U+914D) in font Helvetica Neue/AAT:mapping=tex-text;!
Missing character: There is no 合 (U+5408) in font Helvetica Neue/AAT:mapping=tex-text;!
Missing character: There is no 样 (U+6837) in font Helvetica Neue/AAT:mapping=tex-text;!
Missing character: There is no 式 (U+5F0F) in font Helvetica Neue/AAT:mapping=tex-text;!
Missing character: There is no 。 (U+3002) in font Helvetica Neue/AAT:mapping=tex-text;!
Missing character: There is no 操 (U+64CD) in font Helvetica Neue Bold/AAT:mapping=tex-text;!
Missing character: There is no 作 (U+4F5C) in font Helvetica Neue Bold/AAT:mapping=tex-text;!
Missing character: There is no 系 (U+7CFB) in font Helvetica Neue Bold/AAT:mapping=tex-text;!
Missing character: There is no 统 (U+7EDF) in font Helvetica Neue Bold/AAT:mapping=tex-text;!
Missing character: There is no 已 (U+5DF2) in font Helvetica Neue/AAT:mapping=tex-text;!
Missing character: There is no 配 (U+914D) in font Helvetica Neue/AAT:mapping=tex-text;!
Missing character: There is no 置 (U+7F6E) in font Helvetica Neue/AAT:mapping=tex-text;!
Missing character: There is no 跨 (U+8DE8) in font Helvetica Neue/AAT:mapping=tex-text;!
Missing character: There is no 平 (U+5E73) in font Helvetica Neue/AAT:mapping=tex-text;!
Missing character: There is no 台 (U+53F0) in font Helvetica Neue/AAT:mapping=tex-text;!
Missing character: There is no 字 (U+5B57) in font Helvetica Neue/AAT:mapping=tex-text;!
Missing character: There is no 体 (U+4F53) in font Helvetica Neue/AAT:mapping=tex-text;!
Missing character: There is no 路 (U+8DEF) in font Helvetica Neue/AAT:mapping=tex-text;!
Missing character: There is no 径 (U+5F84) in font Helvetica Neue/AAT:mapping=tex-text;!
Missing character: There is no 兼 (U+517C) in font Helvetica Neue/AAT:mapping=tex-text;!
Missing character: There is no 容 (U+5BB9) in font Helvetica Neue/AAT:mapping=tex-text;!
Missing character: There is no 。 (U+3002) in font Helvetica Neue/AAT:mapping=tex-text;!
Missing character: There is no 目 (U+76EE) in font Helvetica Neue Bold/AAT:mapping=tex-text;!
Missing character: There is no 录 (U+5F55) in font Helvetica Neue Bold/AAT:mapping=tex-text;!
Missing character: There is no 结 (U+7ED3) in font Helvetica Neue Bold/AAT:mapping=tex-text;!
Missing character: There is no 构 (U+6784) in font Helvetica Neue Bold/AAT:mapping=tex-text;!
Missing character: There is no 说 (U+8BF4) in font Helvetica Neue Bold/AAT:mapping=tex-text;!
Missing character: There is no 明 (U+660E) in font Helvetica Neue Bold/AAT:mapping=tex-text;!
Missing character: There is no ├ (U+251C) in font Helvetica Neue/AAT:mapping=tex-text;!
Missing character: There is no 核 (U+6838) in font Helvetica Neue/AAT:mapping=tex-text;!
Missing character: There is no 心 (U+5FC3) in font Helvetica Neue/AAT:mapping=tex-text;!
Missing character: There is no 类 (U+7C7B) in font Helvetica Neue/AAT:mapping=tex-text;!
Missing character: There is no 文 (U+6587) in font Helvetica Neue/AAT:mapping=tex-text;!
Missing character: There is no 件 (U+4EF6) in font Helvetica Neue/AAT:mapping=tex-text;!
Missing character: There is no ： (U+FF1A) in font Helvetica Neue/AAT:mapping=tex-text;!
Missing character: There is no 定 (U+5B9A) in font Helvetica Neue/AAT:mapping=tex-text;!
Missing character: There is no 义 (U+4E49) in font Helvetica Neue/AAT:mapping=tex-text;!
Missing character: There is no 了 (U+4E86) in font Helvetica Neue/AAT:mapping=tex-text;!
Missing character: There is no 论 (U+8BBA) in font Helvetica Neue/AAT:mapping=tex-text;!
Missing character: There is no 文 (U+6587) in font Helvetica Neue/AAT:mapping=tex-text;!
Missing character: There is no 的 (U+7684) in font Helvetica Neue/AAT:mapping=tex-text;!
Missing character: There is no 所 (U+6240) in font Helvetica Neue/AAT:mapping=tex-text;!
Missing character: There is no 有 (U+6709) in font Helvetica Neue/AAT:mapping=tex-text;!
Missing character: There is no 格 (U+683C) in font Helvetica Neue/AAT:mapping=tex-text;!
Missing character: There is no 式 (U+5F0F) in font Helvetica Neue/AAT:mapping=tex-text;!
Missing character: There is no 规 (U+89C4) in font Helvetica Neue/AAT:mapping=tex-text;!
Missing character: There is no 范 (U+8303) in font Helvetica Neue/AAT:mapping=tex-text;!
Missing character: There is no ├ (U+251C) in font Helvetica Neue/AAT:mapping=tex-text;!
Missing character: There is no 论 (U+8BBA) in font Helvetica Neue/AAT:mapping=tex-text;!
Missing character: There is no 文 (U+6587) in font Helvetica Neue/AAT:mapping=tex-text;!
Missing character: There is no 主 (U+4E3B) in font Helvetica Neue/AAT:mapping=tex-text;!
Missing character: There is no 文 (U+6587) in font Helvetica Neue/AAT:mapping=tex-text;!
Missing character: There is no 件 (U+4EF6) in font Helvetica Neue/AAT:mapping=tex-text;!
Missing character: There is no 如 (U+5982) in font Helvetica Neue/AAT:mapping=tex-text;!
Missing character: There is no 适 (U+9002) in font Helvetica Neue/AAT:mapping=tex-text;!
Missing character: There is no 用 (U+7528) in font Helvetica Neue/AAT:mapping=tex-text;!
Missing character: There is no ├ (U+251C) in font Helvetica Neue/AAT:mapping=tex-text;!
Missing character: There is no 本 (U+672C) in font Helvetica Neue/AAT:mapping=tex-text;!
Missing character: There is no 地 (U+5730) in font Helvetica Neue/AAT:mapping=tex-text;!
Missing character: There is no 字 (U+5B57) in font Helvetica Neue/AAT:mapping=tex-text;!
Missing character: There is no 体 (U+4F53) in font Helvetica Neue/AAT:mapping=tex-text;!
Missing character: There is no 库 (U+5E93) in font Helvetica Neue/AAT:mapping=tex-text;!
Missing character: There is no 必 (U+5FC5) in font Helvetica Neue/AAT:mapping=tex-text;!
Missing character: There is no 须 (U+987B) in font Helvetica Neue/AAT:mapping=tex-text;!
Missing character: There is no 包 (U+5305) in font Helvetica Neue/AAT:mapping=tex-text;!
Missing character: There is no 含 (U+542B) in font Helvetica Neue/AAT:mapping=tex-text;!
Missing character: There is no ， (U+FF0C) in font Helvetica Neue/AAT:mapping=tex-text;!
Missing character: There is no 由 (U+7531) in font Helvetica Neue/AAT:mapping=tex-text;!
Missing character: There is no 文 (U+6587) in font Helvetica Neue/AAT:mapping=tex-text;!
Missing character: There is no 件 (U+4EF6) in font Helvetica Neue/AAT:mapping=tex-text;!
Missing character: There is no 调 (U+8C03) in font Helvetica Neue/AAT:mapping=tex-text;!
Missing character: There is no 用 (U+7528) in font Helvetica Neue/AAT:mapping=tex-text;!
Missing character: There is no ├ (U+251C) in font Helvetica Neue/AAT:mapping=tex-text;!
Missing character: There is no 宋 (U+5B8B) in font Helvetica Neue/AAT:mapping=tex-text;!
Missing character: There is no 体 (U+4F53) in font Helvetica Neue/AAT:mapping=tex-text;!
Missing character: There is no ├ (U+251C) in font Helvetica Neue/AAT:mapping=tex-text;!
Missing character: There is no 黑 (U+9ED1) in font Helvetica Neue/AAT:mapping=tex-text;!
Missing character: There is no 体 (U+4F53) in font Helvetica Neue/AAT:mapping=tex-text;!
Missing character: There is no ├ (U+251C) in font Helvetica Neue/AAT:mapping=tex-text;!
Missing character: There is no 楷 (U+6977) in font Helvetica Neue/AAT:mapping=tex-text;!
Missing character: There is no 体 (U+4F53) in font Helvetica Neue/AAT:mapping=tex-text;!
Missing character: There is no ├ (U+251C) in font Helvetica Neue/AAT:mapping=tex-text;!
Missing character: There is no 华 (U+534E) in font Helvetica Neue/AAT:mapping=tex-text;!
Missing character: There is no 文 (U+6587) in font Helvetica Neue/AAT:mapping=tex-text;!
Missing character: There is no 中 (U+4E2D) in font Helvetica Neue/AAT:mapping=tex-text;!
Missing character: There is no 宋 (U+5B8B) in font Helvetica Neue/AAT:mapping=tex-text;!
Missing character: There is no ├ (U+251C) in font Helvetica Neue/AAT:mapping=tex-text;!
Missing character: There is no ├ (U+251C) in font Helvetica Neue/AAT:mapping=tex-text;!
Missing character: There is no 插 (U+63D2) in font Helvetica Neue/AAT:mapping=tex-text;!
Missing character: There is no 图 (U+56FE) in font Helvetica Neue/AAT:mapping=tex-text;!
Missing character: There is no 文 (U+6587) in font Helvetica Neue/AAT:mapping=tex-text;!
Missing character: There is no 件 (U+4EF6) in font Helvetica Neue/AAT:mapping=tex-text;!
Missing character: There is no 夹 (U+5939) in font Helvetica Neue/AAT:mapping=tex-text;!
Missing character: There is no ├ (U+251C) in font Helvetica Neue/AAT:mapping=tex-text;!
Missing character: There is no 封 (U+5C01) in font Helvetica Neue/AAT:mapping=tex-text;!
Missing character: There is no 面 (U+9762) in font Helvetica Neue/AAT:mapping=tex-text;!
Missing character: There is no 校 (U+6821) in font Helvetica Neue/AAT:mapping=tex-text;!
Missing character: There is no 名 (U+540D) in font Helvetica Neue/AAT:mapping=tex-text;!
Missing character: There is no 矢 (U+77E2) in font Helvetica Neue/AAT:mapping=tex-text;!
Missing character: There is no 量 (U+91CF) in font Helvetica Neue/AAT:mapping=tex-text;!
Missing character: There is no 图 (U+56FE) in font Helvetica Neue/AAT:mapping=tex-text;!
Missing character: There is no 实 (U+5B9E) in font Helvetica Neue/AAT:mapping=tex-text;!
Missing character: There is no 验 (U+9A8C) in font Helvetica Neue/AAT:mapping=tex-text;!
Missing character: There is no 结 (U+7ED3) in font Helvetica Neue/AAT:mapping=tex-text;!
Missing character: There is no 果 (U+679C) in font Helvetica Neue/AAT:mapping=tex-text;!
Missing character: There is no 、 (U+3001) in font Helvetica Neue/AAT:mapping=tex-text;!
Missing character: There is no 电 (U+7535) in font Helvetica Neue/AAT:mapping=tex-text;!
Missing character: There is no 路 (U+8DEF) in font Helvetica Neue/AAT:mapping=tex-text;!
Missing character: There is no 图 (U+56FE) in font Helvetica Neue/AAT:mapping=tex-text;!
Missing character: There is no 、 (U+3001) in font Helvetica Neue/AAT:mapping=tex-text;!
Missing character: There is no 流 (U+6D41) in font Helvetica Neue/AAT:mapping=tex-text;!
Missing character: There is no 程 (U+7A0B) in font Helvetica Neue/AAT:mapping=tex-text;!
Missing character: There is no 图 (U+56FE) in font Helvetica Neue/AAT:mapping=tex-text;!
Missing character: There is no 等 (U+7B49) in font Helvetica Neue/AAT:mapping=tex-text;!
Missing character: There is no 参 (U+53C2) in font Helvetica Neue/AAT:mapping=tex-text;!
Missing character: There is no 考 (U+8003) in font Helvetica Neue/AAT:mapping=tex-text;!
Missing character: There is no 文 (U+6587) in font Helvetica Neue/AAT:mapping=tex-text;!
Missing character: There is no 献 (U+732E) in font Helvetica Neue/AAT:mapping=tex-text;!
Missing character: There is no 标 (U+6807) in font Helvetica Neue/AAT:mapping=tex-text;!
Missing character: There is no 准 (U+51C6) in font Helvetica Neue/AAT:mapping=tex-text;!
Missing character: There is no 样 (U+6837) in font Helvetica Neue/AAT:mapping=tex-text;!
Missing character: There is no 式 (U+5F0F) in font Helvetica Neue/AAT:mapping=tex-text;!
Missing character: There is no 包 (U+5305) in font Helvetica Neue/AAT:mapping=tex-text;!

Overfull \hbox (22.4098pt too wide) in paragraph at lines 34--49
\TU/HelveticaNeue(0)/m/n/12 ├── Simsun.ttc # 宋体 │ ├── SimHei.ttf # 黑体 │ ├── Kaiti.ttf # 楷体 │ ├── STZHONGS.ttf
 []


Overfull \hbox (55.17656pt too wide) in paragraph at lines 34--49
\TU/HelveticaNeue(0)/m/n/12 插图文件夹 │ ├── cit-name.pdf # 封面校名矢量图 │ └── \TU/HelveticaNeue(0)/m/it/12 .png/\TU/HelveticaNeue(0)/m/n/12 .pdf # 实验结果、电路图、流程图等
 []



[1


] (/Users/wanglingyule/Documents/paper/常州工学院计算机信息学院本科生毕设latex模版/.texpadtmp/README.aux)
 ***********
LaTeX2e <2024-11-01> patch level 2
L3 programming layer <2025-01-18>
 ***********
Package rerunfilecheck Info: File `README.out' has not changed.
(rerunfilecheck)             Checksum: D41D8CD98F00B204E9800998ECF8427E;0.
 ) 
Here is how much of TeX's memory you used:
 10991 strings out of 473832
 222291 string characters out of 5729482
 659814 words of memory out of 5000000
 33958 multiletter control sequences out of 15000+600000
 559349 words of font info for 56 fonts, out of 8000000 for 9000
 1348 hyphenation exceptions out of 8191
 79i,5n,93p,255b,320s stack positions out of 10000i,1000n,20000p,200000b,200000s

Output written on /Users/wanglingyule/Documents/paper/常州工学院计算机信息学院本科生毕设latex模版/.texpadtmp/README.pdf (1 page).
