\BOOKMARK [1][-]{section.1}{\376\377\153\325\116\032\213\276\213\241\377\010\213\272\145\207\377\011\211\201\154\102\116\016\155\101\172\013}{}% 1
\BOOKMARK [2][-]{subsection.1.1}{\376\377\153\325\116\032\213\276\213\241\377\010\213\272\145\207\377\011\166\356\166\204\124\214\116\373\122\241}{section.1}% 2
\BOOKMARK [2][-]{subsection.1.2}{\376\377\153\325\116\032\213\276\213\241\377\010\213\272\145\207\377\011\145\131\133\146\166\204\127\372\147\054\211\201\154\102}{section.1}% 3
\BOOKMARK [2][-]{subsection.1.3}{\376\377\153\325\116\032\213\276\213\241\377\010\213\272\145\207\377\011\135\345\117\134\155\101\172\013\123\312\211\201\154\102}{section.1}% 4
\BOOKMARK [2][-]{subsection.1.4}{\376\377\153\325\116\032\213\276\213\241\377\010\213\272\145\207\377\011\144\315\117\134\155\101\172\013}{section.1}% 5
\BOOKMARK [2][-]{subsection.1.5}{\376\377\153\325\116\032\213\276\213\241\377\010\213\272\145\207\377\011\142\020\176\351\213\304\133\232}{section.1}% 6
\BOOKMARK [2][-]{subsection.1.6}{\376\377\121\163\116\216\153\325\116\032\213\276\213\241\377\010\213\272\145\207\377\011\221\315\117\356}{section.1}% 7
\BOOKMARK [2][-]{subsection.1.7}{\376\377\123\326\155\210\153\325\116\032\213\276\213\241\173\124\217\251\215\104\150\074}{section.1}% 8
\BOOKMARK [1][-]{section.2}{\376\377\153\325\116\032\213\276\213\241\213\364\146\016\116\146\377\010\213\272\145\207\377\011\150\074\137\017\211\304\203\003}{}% 9
\BOOKMARK [2][-]{subsection.2.1}{\376\377\165\050\133\127\060\001\177\026\217\221\060\001\142\123\123\160\060\001\230\172\136\217}{section.2}% 10
\BOOKMARK [3][-]{subsubsection.2.1.1}{\376\377\162\110\137\017\060\001\230\165\167\011\060\001\230\165\217\271\215\335\123\312\133\127\117\123}{subsection.2.1}% 11
\BOOKMARK [3][-]{subsubsection.2.1.2}{\376\377\165\050\133\127\060\001\177\026\217\221\116\016\142\123\123\160}{subsection.2.1}% 12
\BOOKMARK [3][-]{subsubsection.2.1.3}{\376\377\230\172\136\217}{subsection.2.1}% 13
\BOOKMARK [2][-]{subsection.2.2}{\376\377\134\001\227\142\060\001\116\055\145\207\144\130\211\201\060\001\202\361\145\207\144\130\211\201\060\001\166\356\137\125\166\204\211\304\203\003}{section.2}% 14
\BOOKMARK [2][-]{subsection.2.3}{\376\377\153\143\145\207\166\204\211\304\203\003}{section.2}% 15
\BOOKMARK [3][-]{subsubsection.2.3.1}{\376\377\153\143\145\207\166\204\134\102\153\041\150\074\137\017}{subsection.2.3}% 16
\BOOKMARK [3][-]{subsubsection.2.3.2}{\376\377\170\024\172\166\200\314\146\157\123\312\141\017\116\111}{subsection.2.3}% 17
\BOOKMARK [3][-]{subsubsection.2.3.3}{\376\377\116\073\117\123\170\024\172\166\121\205\133\271}{subsection.2.3}% 18
\BOOKMARK [3][-]{subsubsection.2.3.4}{\376\377\176\323\213\272}{subsection.2.3}% 19
\BOOKMARK [3][-]{subsubsection.2.3.5}{\376\377\143\322\126\376\060\001\210\150\150\074\060\001\121\154\137\017\060\001\172\013\136\217\150\106\126\376}{subsection.2.3}% 20
\BOOKMARK [3][-]{subsubsection.2.3.6}{\376\377\201\364\214\042}{subsection.2.3}% 21
\BOOKMARK [3][-]{subsubsection.2.3.7}{\376\377\123\302\200\003\145\207\163\056}{subsection.2.3}% 22
\BOOKMARK [3][-]{subsubsection.2.3.8}{\376\377\226\104\137\125\166\204\211\304\203\003}{subsection.2.3}% 23
\BOOKMARK [1][-]{section.3}{\376\377\116\000\176\247\150\007\230\230}{}% 24
\BOOKMARK [2][-]{subsection.3.1}{\376\377\116\214\176\247\150\007\230\230}{section.3}% 25
\BOOKMARK [3][-]{subsubsection.3.1.1}{\376\377\116\011\176\247\150\007\230\230}{subsection.3.1}% 26
\BOOKMARK [2][-]{subsection.3.2}{\376\377\126\376\162\107\166\204\137\025\165\050}{section.3}% 27
\BOOKMARK [2][-]{subsection.3.3}{\376\377\143\322\121\145\210\150\150\074\124\214\121\154\137\017}{section.3}% 28
\BOOKMARK [3][-]{subsubsection.3.3.1}{\376\377\210\150\150\074\177\026\121\231\211\304\203\003}{subsection.3.3}% 29
\BOOKMARK [3][-]{subsubsection.3.3.2}{\376\377\121\154\137\017\177\026\121\231\211\304\203\003}{subsection.3.3}% 30
\BOOKMARK [2][-]{subsection.3.4}{\376\377\122\027\210\150\163\257\130\203\166\204\117\177\165\050}{section.3}% 31
\BOOKMARK [3][-]{subsubsection.3.4.1}{\376\377\145\340\136\217\122\027\210\150\377\010\000I\000t\000e\000m\000i\000z\000e\377\011}{subsection.3.4}% 32
\BOOKMARK [3][-]{subsubsection.3.4.2}{\376\377\147\011\136\217\122\027\210\150\377\010\000E\000n\000u\000m\000e\000r\000a\000t\000e\377\011}{subsection.3.4}% 33
\BOOKMARK [2][-]{subsection.3.5}{\376\377\116\343\170\001\156\005\123\125\116\016\173\227\154\325\163\257\130\203}{section.3}% 34
\BOOKMARK [3][-]{subsubsection.3.5.1}{\376\377\156\220\116\343\170\001\177\026\121\231\211\304\203\003}{subsection.3.5}% 35
\BOOKMARK [3][-]{subsubsection.3.5.2}{\376\377\173\227\154\325\117\052\116\343\170\001\211\304\203\003}{subsection.3.5}% 36
\BOOKMARK [2][-]{subsection.3.6}{\376\377\123\302\200\003\145\207\163\056\166\204\177\026\121\231}{section.3}% 37
\BOOKMARK [3][-]{subsubsection.3.6.1}{\376\377\177\026\121\231\211\201\154\102}{subsection.3.6}% 38
\BOOKMARK [3][-]{subsubsection.3.6.2}{\376\377\000L\000a\000T\000e\000X\133\236\163\260}{subsection.3.6}% 39
\BOOKMARK [1][-]{subsubsection.3.6.2}{\376\377\201\364\214\042}{}% 40
\BOOKMARK [1][-]{appendix.A}{\376\377\116\073\211\201\156\220\116\343\170\001}{}% 41
\BOOKMARK [1][-]{appendix.B}{\376\377\166\370\121\163\145\160\143\156\210\150\150\074}{}% 42
\BOOKMARK [1][-]{appendix.C}{\376\377\214\003\147\345\225\356\123\167\142\026\121\166\133\203\145\057\144\221\147\120\145\231}{}% 43
